<?xml version="1.0" encoding="UTF-8" standalone="no"?>
<!DOCTYPE log SYSTEM "logger.dtd">
<log>
<record>
  <date>2023-01-16T16:51:21</date>
  <millis>1673868081253</millis>
  <sequence>0</sequence>
  <logger>com.cap_ex.Main</logger>
  <level>INFO</level>
  <class>com.cap_ex.Main</class>
  <method>main</method>
  <thread>1</thread>
  <message>Character : {} 	 	 Frequency:2</message>
</record>
<record>
  <date>2023-01-16T16:51:21</date>
  <millis>1673868081306</millis>
  <sequence>1</sequence>
  <logger>com.cap_ex.Main</logger>
  <level>INFO</level>
  <class>com.cap_ex.Main</class>
  <method>main</method>
  <thread>1</thread>
  <message>Character : {} 	A	 Frequency:4</message>
</record>
<record>
  <date>2023-01-16T16:51:21</date>
  <millis>1673868081308</millis>
  <sequence>2</sequence>
  <logger>com.cap_ex.Main</logger>
  <level>INFO</level>
  <class>com.cap_ex.Main</class>
  <method>main</method>
  <thread>1</thread>
  <message>Character : {} 	B	 Frequency:2</message>
</record>
<record>
  <date>2023-01-16T16:51:21</date>
  <millis>1673868081310</millis>
  <sequence>3</sequence>
  <logger>com.cap_ex.Main</logger>
  <level>INFO</level>
  <class>com.cap_ex.Main</class>
  <method>main</method>
  <thread>1</thread>
  <message>Character : {} 	c	 Frequency:2</message>
</record>
<record>
  <date>2023-01-16T16:51:21</date>
  <millis>1673868081311</millis>
  <sequence>4</sequence>
  <logger>com.cap_ex.Main</logger>
  <level>INFO</level>
  <class>com.cap_ex.Main</class>
  <method>buildTree</method>
  <thread>1</thread>
  <message>Queue so far:</message>
</record>
<record>
  <date>2023-01-16T16:51:21</date>
  <millis>1673868081312</millis>
  <sequence>5</sequence>
  <logger>com.cap_ex.Main</logger>
  <level>INFO</level>
  <class>com.cap_ex.Main</class>
  <method>buildTree</method>
  <thread>1</thread>
  <message>Queue so far:</message>
</record>
<record>
  <date>2023-01-16T16:51:21</date>
  <millis>1673868081314</millis>
  <sequence>6</sequence>
  <logger>com.cap_ex.Main</logger>
  <level>INFO</level>
  <class>com.cap_ex.Main</class>
  <method>buildTree</method>
  <thread>1</thread>
  <message>Queue so far:</message>
</record>
<record>
  <date>2023-01-16T16:51:21</date>
  <millis>1673868081319</millis>
  <sequence>7</sequence>
  <logger>com.cap_ex.Main</logger>
  <level>INFO</level>
  <class>com.cap_ex.Main</class>
  <method>main</method>
  <thread>1</thread>
  <message>we went from storing 80 bits of data to 24 bits. That's a 70.0 % decrease!!</message>
</record>
<record>
  <date>2023-01-16T16:51:21</date>
  <millis>1673868081321</millis>
  <sequence>8</sequence>
  <logger>com.cap_ex.Main</logger>
  <level>INFO</level>
  <class>com.cap_ex.Main</class>
  <method>main</method>
  <thread>1</thread>
  <message>Source data:AAAA BB cc</message>
</record>
<record>
  <date>2023-01-16T16:51:21</date>
  <millis>1673868081321</millis>
  <sequence>9</sequence>
  <logger>com.cap_ex.Main</logger>
  <level>INFO</level>
  <class>com.cap_ex.Main</class>
  <method>main</method>
  <thread>1</thread>
  <message>Compressed data :E</message>
</record>
<record>
  <date>2023-01-16T16:51:21</date>
  <millis>1673868081323</millis>
  <sequence>10</sequence>
  <logger>com.cap_ex.Main</logger>
  <level>INFO</level>
  <class>com.cap_ex.Main</class>
  <method>main</method>
  <thread>1</thread>
  <message>Decompressed data:AAAA BB cc</message>
</record>
<record>
  <date>2023-01-16T16:51:21</date>
  <millis>1673868081324</millis>
  <sequence>11</sequence>
  <logger>com.cap_ex.Main</logger>
  <level>INFO</level>
  <class>com.cap_ex.Main</class>
  <method>main</method>
  <thread>1</thread>
  <message>obtained uncompressed data:AAAA BB cc</message>
</record>
<record>
  <date>2023-01-16T16:51:21</date>
  <millis>1673868081324</millis>
  <sequence>12</sequence>
  <logger>com.cap_ex.Main</logger>
  <level>INFO</level>
  <class>com.cap_ex.Main</class>
  <method>main</method>
  <thread>1</thread>
  <message>Compression-Decompression carried out successfully</message>
</record>
</log>
